Analysis & Synthesis report for Viterbi_decoder
Thu Apr 12 20:40:14 2018
Quartus II 64-Bit Version 13.0.1 Build 232 06/12/2013 Service Pack 1 SJ Full Version


---------------------
; Table of Contents ;
---------------------
  1. Legal Notice
  2. Analysis & Synthesis Summary
  3. Analysis & Synthesis Settings
  4. Parallel Compilation
  5. Analysis & Synthesis Source Files Read
  6. Analysis & Synthesis Resource Usage Summary
  7. Analysis & Synthesis Resource Utilization by Entity
  8. General Register Statistics
  9. Parameter Settings for User Entity Instance: PreTrellisNosieGen:inst|uniformRV32:inst7
 10. Parameter Settings for User Entity Instance: PreTrellisNosieGen:inst|uniformRV32:inst6
 11. Parameter Settings for User Entity Instance: PreTrellisNosieGen:inst|uniformRV32:inst5
 12. Parameter Settings for User Entity Instance: PreTrellisNosieGen:inst|uniformRV32:inst4
 13. Parameter Settings for User Entity Instance: PreTrellisNosieGen:inst|uniformRV32:inst3
 14. Parameter Settings for User Entity Instance: PreTrellisNosieGen:inst|uniformRV32:inst2
 15. Parameter Settings for User Entity Instance: PreTrellisNosieGen:inst|uniformRV32:inst1
 16. Parameter Settings for User Entity Instance: PreTrellisNosieGen:inst|uniformRV32:inst
 17. Elapsed Time Per Partition
 18. Analysis & Synthesis Messages
 19. Analysis & Synthesis Suppressed Messages



----------------
; Legal Notice ;
----------------
Copyright (C) 1991-2013 Altera Corporation
Your use of Altera Corporation's design tools, logic functions 
and other software and tools, and its AMPP partner logic 
functions, and any output files from any of the foregoing 
(including device programming or simulation files), and any 
associated documentation or information are expressly subject 
to the terms and conditions of the Altera Program License 
Subscription Agreement, Altera MegaCore Function License 
Agreement, or other applicable license agreement, including, 
without limitation, that your use is for the sole purpose of 
programming logic devices manufactured by Altera and sold by 
Altera or its authorized distributors.  Please refer to the 
applicable agreement for further details.



+---------------------------------------------------------------------------------------+
; Analysis & Synthesis Summary                                                          ;
+------------------------------------+--------------------------------------------------+
; Analysis & Synthesis Status        ; Successful - Thu Apr 12 20:40:14 2018            ;
; Quartus II 64-Bit Version          ; 13.0.1 Build 232 06/12/2013 SP 1 SJ Full Version ;
; Revision Name                      ; Viterbi_decoder                                  ;
; Top-level Entity Name              ; TrellisTopLevel                                  ;
; Family                             ; Cyclone II                                       ;
; Total logic elements               ; 2                                                ;
;     Total combinational functions  ; 2                                                ;
;     Dedicated logic registers      ; 0                                                ;
; Total registers                    ; 0                                                ;
; Total pins                         ; 16                                               ;
; Total virtual pins                 ; 0                                                ;
; Total memory bits                  ; 0                                                ;
; Embedded Multiplier 9-bit elements ; 0                                                ;
; Total PLLs                         ; 0                                                ;
+------------------------------------+--------------------------------------------------+


+----------------------------------------------------------------------------------------------------------------------+
; Analysis & Synthesis Settings                                                                                        ;
+----------------------------------------------------------------------------+--------------------+--------------------+
; Option                                                                     ; Setting            ; Default Value      ;
+----------------------------------------------------------------------------+--------------------+--------------------+
; Device                                                                     ; EP2C35F672C6       ;                    ;
; Top-level entity name                                                      ; TrellisTopLevel    ; Viterbi_decoder    ;
; Family name                                                                ; Cyclone II         ; Cyclone IV GX      ;
; Use smart compilation                                                      ; Off                ; Off                ;
; Enable parallel Assembler and TimeQuest Timing Analyzer during compilation ; On                 ; On                 ;
; Enable compact report table                                                ; Off                ; Off                ;
; Restructure Multiplexers                                                   ; Auto               ; Auto               ;
; Create Debugging Nodes for IP Cores                                        ; Off                ; Off                ;
; Preserve fewer node names                                                  ; On                 ; On                 ;
; Disable OpenCore Plus hardware evaluation                                  ; Off                ; Off                ;
; Verilog Version                                                            ; Verilog_2001       ; Verilog_2001       ;
; VHDL Version                                                               ; VHDL_1993          ; VHDL_1993          ;
; State Machine Processing                                                   ; Auto               ; Auto               ;
; Safe State Machine                                                         ; Off                ; Off                ;
; Extract Verilog State Machines                                             ; On                 ; On                 ;
; Extract VHDL State Machines                                                ; On                 ; On                 ;
; Ignore Verilog initial constructs                                          ; Off                ; Off                ;
; Iteration limit for constant Verilog loops                                 ; 5000               ; 5000               ;
; Iteration limit for non-constant Verilog loops                             ; 250                ; 250                ;
; Add Pass-Through Logic to Inferred RAMs                                    ; On                 ; On                 ;
; Infer RAMs from Raw Logic                                                  ; On                 ; On                 ;
; Parallel Synthesis                                                         ; On                 ; On                 ;
; DSP Block Balancing                                                        ; Auto               ; Auto               ;
; NOT Gate Push-Back                                                         ; On                 ; On                 ;
; Power-Up Don't Care                                                        ; On                 ; On                 ;
; Remove Redundant Logic Cells                                               ; Off                ; Off                ;
; Remove Duplicate Registers                                                 ; On                 ; On                 ;
; Ignore CARRY Buffers                                                       ; Off                ; Off                ;
; Ignore CASCADE Buffers                                                     ; Off                ; Off                ;
; Ignore GLOBAL Buffers                                                      ; Off                ; Off                ;
; Ignore ROW GLOBAL Buffers                                                  ; Off                ; Off                ;
; Ignore LCELL Buffers                                                       ; Off                ; Off                ;
; Ignore SOFT Buffers                                                        ; On                 ; On                 ;
; Limit AHDL Integers to 32 Bits                                             ; Off                ; Off                ;
; Optimization Technique                                                     ; Balanced           ; Balanced           ;
; Carry Chain Length                                                         ; 70                 ; 70                 ;
; Auto Carry Chains                                                          ; On                 ; On                 ;
; Auto Open-Drain Pins                                                       ; On                 ; On                 ;
; Perform WYSIWYG Primitive Resynthesis                                      ; Off                ; Off                ;
; Auto ROM Replacement                                                       ; On                 ; On                 ;
; Auto RAM Replacement                                                       ; On                 ; On                 ;
; Auto Shift Register Replacement                                            ; Auto               ; Auto               ;
; Allow Shift Register Merging across Hierarchies                            ; Auto               ; Auto               ;
; Auto Clock Enable Replacement                                              ; On                 ; On                 ;
; Strict RAM Replacement                                                     ; Off                ; Off                ;
; Allow Synchronous Control Signals                                          ; On                 ; On                 ;
; Force Use of Synchronous Clear Signals                                     ; Off                ; Off                ;
; Auto RAM to Logic Cell Conversion                                          ; Off                ; Off                ;
; Auto Resource Sharing                                                      ; Off                ; Off                ;
; Allow Any RAM Size For Recognition                                         ; Off                ; Off                ;
; Allow Any ROM Size For Recognition                                         ; Off                ; Off                ;
; Allow Any Shift Register Size For Recognition                              ; Off                ; Off                ;
; Use LogicLock Constraints during Resource Balancing                        ; On                 ; On                 ;
; Ignore translate_off and synthesis_off directives                          ; Off                ; Off                ;
; Timing-Driven Synthesis                                                    ; Off                ; Off                ;
; Report Parameter Settings                                                  ; On                 ; On                 ;
; Report Source Assignments                                                  ; On                 ; On                 ;
; Report Connectivity Checks                                                 ; On                 ; On                 ;
; Ignore Maximum Fan-Out Assignments                                         ; Off                ; Off                ;
; Synchronization Register Chain Length                                      ; 2                  ; 2                  ;
; PowerPlay Power Optimization                                               ; Normal compilation ; Normal compilation ;
; HDL message level                                                          ; Level2             ; Level2             ;
; Suppress Register Optimization Related Messages                            ; Off                ; Off                ;
; Number of Removed Registers Reported in Synthesis Report                   ; 5000               ; 5000               ;
; Number of Swept Nodes Reported in Synthesis Report                         ; 5000               ; 5000               ;
; Number of Inverted Registers Reported in Synthesis Report                  ; 100                ; 100                ;
; Clock MUX Protection                                                       ; On                 ; On                 ;
; Auto Gated Clock Conversion                                                ; Off                ; Off                ;
; Block Design Naming                                                        ; Auto               ; Auto               ;
; SDC constraint protection                                                  ; Off                ; Off                ;
; Synthesis Effort                                                           ; Auto               ; Auto               ;
; Shift Register Replacement - Allow Asynchronous Clear Signal               ; On                 ; On                 ;
; Pre-Mapping Resynthesis Optimization                                       ; Off                ; Off                ;
; Analysis & Synthesis Message Level                                         ; Medium             ; Medium             ;
; Disable Register Merging Across Hierarchies                                ; Auto               ; Auto               ;
; Resource Aware Inference For Block RAM                                     ; On                 ; On                 ;
; Synthesis Seed                                                             ; 1                  ; 1                  ;
+----------------------------------------------------------------------------+--------------------+--------------------+


+------------------------------------------+
; Parallel Compilation                     ;
+----------------------------+-------------+
; Processors                 ; Number      ;
+----------------------------+-------------+
; Number detected on machine ; 8           ;
; Maximum allowed            ; 4           ;
;                            ;             ;
; Average used               ; 1.00        ;
; Maximum used               ; 1           ;
;                            ;             ;
; Usage by Processor         ; % Time Used ;
;     Processor 1            ; 100.0%      ;
;     Processors 2-8         ;   0.0%      ;
+----------------------------+-------------+


+-----------------------------------------------------------------------------------------------------------------------------------------------------------+
; Analysis & Synthesis Source Files Read                                                                                                                    ;
+----------------------------------+-----------------+------------------------------------+-------------------------------------------------------+---------+
; File Name with User-Entered Path ; Used in Netlist ; File Type                          ; File Name with Absolute Path                          ; Library ;
+----------------------------------+-----------------+------------------------------------+-------------------------------------------------------+---------+
; bitEncoder.v                     ; yes             ; User Verilog HDL File              ; C:/Viterbi_Implementation/Lab3/bitEncoder.v           ;         ;
; uniformRV32.v                    ; yes             ; User Verilog HDL File              ; C:/Viterbi_Implementation/Lab3/uniformRV32.v          ;         ;
; TrellisTopLevel.bdf              ; yes             ; User Block Diagram/Schematic File  ; C:/Viterbi_Implementation/Lab3/TrellisTopLevel.bdf    ;         ;
; stage2.v                         ; yes             ; User Verilog HDL File              ; C:/Viterbi_Implementation/Lab3/stage2.v               ;         ;
; stage1.v                         ; yes             ; User Verilog HDL File              ; C:/Viterbi_Implementation/Lab3/stage1.v               ;         ;
; PreTrellisNosieGen.bdf           ; yes             ; User Block Diagram/Schematic File  ; C:/Viterbi_Implementation/Lab3/PreTrellisNosieGen.bdf ;         ;
; addCompareStore.v                ; yes             ; User Verilog HDL File              ; C:/Viterbi_Implementation/Lab3/addCompareStore.v      ;         ;
+----------------------------------+-----------------+------------------------------------+-------------------------------------------------------+---------+


+------------------------------------------------------+
; Analysis & Synthesis Resource Usage Summary          ;
+---------------------------------------------+--------+
; Resource                                    ; Usage  ;
+---------------------------------------------+--------+
; Estimated Total logic elements              ; 2      ;
;                                             ;        ;
; Total combinational functions               ; 2      ;
; Logic element usage by number of LUT inputs ;        ;
;     -- 4 input functions                    ; 0      ;
;     -- 3 input functions                    ; 0      ;
;     -- <=2 input functions                  ; 2      ;
;                                             ;        ;
; Logic elements by mode                      ;        ;
;     -- normal mode                          ; 2      ;
;     -- arithmetic mode                      ; 0      ;
;                                             ;        ;
; Total registers                             ; 0      ;
;     -- Dedicated logic registers            ; 0      ;
;     -- I/O registers                        ; 0      ;
;                                             ;        ;
; I/O pins                                    ; 16     ;
; Embedded Multiplier 9-bit elements          ; 0      ;
; Maximum fan-out node                        ; msg[0] ;
; Maximum fan-out                             ; 2      ;
; Total fan-out                               ; 6      ;
; Average fan-out                             ; 0.33   ;
+---------------------------------------------+--------+


+----------------------------------------------------------------------------------------------------------------------------------------------------------------------------------------+
; Analysis & Synthesis Resource Utilization by Entity                                                                                                                                    ;
+----------------------------+-------------------+--------------+-------------+--------------+---------+-----------+------+--------------+--------------------------------+--------------+
; Compilation Hierarchy Node ; LC Combinationals ; LC Registers ; Memory Bits ; DSP Elements ; DSP 9x9 ; DSP 18x18 ; Pins ; Virtual Pins ; Full Hierarchy Name            ; Library Name ;
+----------------------------+-------------------+--------------+-------------+--------------+---------+-----------+------+--------------+--------------------------------+--------------+
; |TrellisTopLevel           ; 2 (0)             ; 0 (0)        ; 0           ; 0            ; 0       ; 0         ; 16   ; 0            ; |TrellisTopLevel               ; work         ;
;    |stage1:stage1|         ; 2 (2)             ; 0 (0)        ; 0           ; 0            ; 0       ; 0         ; 0    ; 0            ; |TrellisTopLevel|stage1:stage1 ; work         ;
+----------------------------+-------------------+--------------+-------------+--------------+---------+-----------+------+--------------+--------------------------------+--------------+
Note: For table entries with two numbers listed, the numbers in parentheses indicate the number of resources of the given type used by the specific entity alone. The numbers listed outside of parentheses indicate the total resources of the given type used by the specific entity and all of its sub-entities in the hierarchy.


+------------------------------------------------------+
; General Register Statistics                          ;
+----------------------------------------------+-------+
; Statistic                                    ; Value ;
+----------------------------------------------+-------+
; Total registers                              ; 0     ;
; Number of registers using Synchronous Clear  ; 0     ;
; Number of registers using Synchronous Load   ; 0     ;
; Number of registers using Asynchronous Clear ; 0     ;
; Number of registers using Asynchronous Load  ; 0     ;
; Number of registers using Clock Enable       ; 0     ;
; Number of registers using Preset             ; 0     ;
+----------------------------------------------+-------+


+----------------------------------------------------------------------------------------+
; Parameter Settings for User Entity Instance: PreTrellisNosieGen:inst|uniformRV32:inst7 ;
+----------------+----------------------------------+------------------------------------+
; Parameter Name ; Value                            ; Type                               ;
+----------------+----------------------------------+------------------------------------+
; SEED           ; 10000011100010001100011000001010 ; Unsigned Binary                    ;
+----------------+----------------------------------+------------------------------------+
Note: In order to hide this table in the UI and the text report file, please set the "Show Parameter Settings in Synthesis Report" option in "Analysis and Synthesis Settings -> More Settings" to "Off".


+----------------------------------------------------------------------------------------+
; Parameter Settings for User Entity Instance: PreTrellisNosieGen:inst|uniformRV32:inst6 ;
+----------------+-----------------------------------+-----------------------------------+
; Parameter Name ; Value                             ; Type                              ;
+----------------+-----------------------------------+-----------------------------------+
; SEED           ; 111101000010011111100001110001111 ; Unsigned Binary                   ;
+----------------+-----------------------------------+-----------------------------------+
Note: In order to hide this table in the UI and the text report file, please set the "Show Parameter Settings in Synthesis Report" option in "Analysis and Synthesis Settings -> More Settings" to "Off".


+----------------------------------------------------------------------------------------+
; Parameter Settings for User Entity Instance: PreTrellisNosieGen:inst|uniformRV32:inst5 ;
+----------------+----------------------------------+------------------------------------+
; Parameter Name ; Value                            ; Type                               ;
+----------------+----------------------------------+------------------------------------+
; SEED           ; 10000011100000001100000000000011 ; Unsigned Binary                    ;
+----------------+----------------------------------+------------------------------------+
Note: In order to hide this table in the UI and the text report file, please set the "Show Parameter Settings in Synthesis Report" option in "Analysis and Synthesis Settings -> More Settings" to "Off".


+----------------------------------------------------------------------------------------+
; Parameter Settings for User Entity Instance: PreTrellisNosieGen:inst|uniformRV32:inst4 ;
+----------------+----------------------------------+------------------------------------+
; Parameter Name ; Value                            ; Type                               ;
+----------------+----------------------------------+------------------------------------+
; SEED           ; 00001000010011000000001110001111 ; Unsigned Binary                    ;
+----------------+----------------------------------+------------------------------------+
Note: In order to hide this table in the UI and the text report file, please set the "Show Parameter Settings in Synthesis Report" option in "Analysis and Synthesis Settings -> More Settings" to "Off".


+----------------------------------------------------------------------------------------+
; Parameter Settings for User Entity Instance: PreTrellisNosieGen:inst|uniformRV32:inst3 ;
+----------------+----------------------------------+------------------------------------+
; Parameter Name ; Value                            ; Type                               ;
+----------------+----------------------------------+------------------------------------+
; SEED           ; 11001110111011011111110100000001 ; Unsigned Binary                    ;
+----------------+----------------------------------+------------------------------------+
Note: In order to hide this table in the UI and the text report file, please set the "Show Parameter Settings in Synthesis Report" option in "Analysis and Synthesis Settings -> More Settings" to "Off".


+----------------------------------------------------------------------------------------+
; Parameter Settings for User Entity Instance: PreTrellisNosieGen:inst|uniformRV32:inst2 ;
+----------------+----------------------------------+------------------------------------+
; Parameter Name ; Value                            ; Type                               ;
+----------------+----------------------------------+------------------------------------+
; SEED           ; 00001111000011110000111100001111 ; Unsigned Binary                    ;
+----------------+----------------------------------+------------------------------------+
Note: In order to hide this table in the UI and the text report file, please set the "Show Parameter Settings in Synthesis Report" option in "Analysis and Synthesis Settings -> More Settings" to "Off".


+----------------------------------------------------------------------------------------+
; Parameter Settings for User Entity Instance: PreTrellisNosieGen:inst|uniformRV32:inst1 ;
+----------------+----------------------------------+------------------------------------+
; Parameter Name ; Value                            ; Type                               ;
+----------------+----------------------------------+------------------------------------+
; SEED           ; 11111000001111100000000001111110 ; Unsigned Binary                    ;
+----------------+----------------------------------+------------------------------------+
Note: In order to hide this table in the UI and the text report file, please set the "Show Parameter Settings in Synthesis Report" option in "Analysis and Synthesis Settings -> More Settings" to "Off".


+---------------------------------------------------------------------------------------+
; Parameter Settings for User Entity Instance: PreTrellisNosieGen:inst|uniformRV32:inst ;
+----------------+----------------------------------+-----------------------------------+
; Parameter Name ; Value                            ; Type                              ;
+----------------+----------------------------------+-----------------------------------+
; SEED           ; 11111111111111110000111100001111 ; Unsigned Binary                   ;
+----------------+----------------------------------+-----------------------------------+
Note: In order to hide this table in the UI and the text report file, please set the "Show Parameter Settings in Synthesis Report" option in "Analysis and Synthesis Settings -> More Settings" to "Off".


+-------------------------------+
; Elapsed Time Per Partition    ;
+----------------+--------------+
; Partition Name ; Elapsed Time ;
+----------------+--------------+
; Top            ; 00:00:00     ;
+----------------+--------------+


+-------------------------------+
; Analysis & Synthesis Messages ;
+-------------------------------+
Info: *******************************************************************
Info: Running Quartus II 64-Bit Analysis & Synthesis
    Info: Version 13.0.1 Build 232 06/12/2013 Service Pack 1 SJ Full Version
    Info: Processing started: Thu Apr 12 20:40:11 2018
Info: Command: quartus_map --read_settings_files=on --write_settings_files=off Viterbi_decoder -c Viterbi_decoder
Info (11104): Parallel Compilation has detected 8 hyper-threaded processors. However, the extra hyper-threaded processors will not be used by default. Parallel Compilation will use 4 of the 4 physical processors detected instead.
Info (12021): Found 1 design units, including 1 entities, in source file bitencoder.v
    Info (12023): Found entity 1: bitEncoder
Info (12021): Found 1 design units, including 1 entities, in source file uniformrv32.v
    Info (12023): Found entity 1: uniformRV32
Info (12021): Found 1 design units, including 1 entities, in source file trellistoplevel.bdf
    Info (12023): Found entity 1: TrellisTopLevel
Info (12021): Found 1 design units, including 1 entities, in source file stage4.v
    Info (12023): Found entity 1: stage4
Info (12021): Found 1 design units, including 1 entities, in source file stage2.v
    Info (12023): Found entity 1: stage2
Info (12021): Found 1 design units, including 1 entities, in source file stage1.v
    Info (12023): Found entity 1: stage1
Info (12021): Found 1 design units, including 1 entities, in source file pretrellisnosiegen.bdf
    Info (12023): Found entity 1: PreTrellisNosieGen
Info (12021): Found 1 design units, including 1 entities, in source file addcomparestore.v
    Info (12023): Found entity 1: addCompareStore
Info (12127): Elaborating entity "TrellisTopLevel" for the top level hierarchy
Info (12128): Elaborating entity "stage1" for hierarchy "stage1:stage1"
Warning (10240): Verilog HDL Always Construct warning at stage1.v(27): inferring latch(es) for variable "d1_out", which holds its previous value in one or more paths through the always construct
Warning (10240): Verilog HDL Always Construct warning at stage1.v(27): inferring latch(es) for variable "d2_out", which holds its previous value in one or more paths through the always construct
Warning (10240): Verilog HDL Always Construct warning at stage1.v(27): inferring latch(es) for variable "d3_out", which holds its previous value in one or more paths through the always construct
Warning (10240): Verilog HDL Always Construct warning at stage1.v(27): inferring latch(es) for variable "d4_out", which holds its previous value in one or more paths through the always construct
Info (10041): Inferred latch for "d4_out[0]" at stage1.v(27)
Info (10041): Inferred latch for "d4_out[1]" at stage1.v(27)
Info (10041): Inferred latch for "d4_out[2]" at stage1.v(27)
Info (10041): Inferred latch for "d4_out[3]" at stage1.v(27)
Info (10041): Inferred latch for "d4_out[4]" at stage1.v(27)
Info (10041): Inferred latch for "d4_out[5]" at stage1.v(27)
Info (10041): Inferred latch for "d4_out[6]" at stage1.v(27)
Info (10041): Inferred latch for "d4_out[7]" at stage1.v(27)
Info (10041): Inferred latch for "d3_out[0]" at stage1.v(27)
Info (10041): Inferred latch for "d3_out[1]" at stage1.v(27)
Info (10041): Inferred latch for "d3_out[2]" at stage1.v(27)
Info (10041): Inferred latch for "d3_out[3]" at stage1.v(27)
Info (10041): Inferred latch for "d3_out[4]" at stage1.v(27)
Info (10041): Inferred latch for "d3_out[5]" at stage1.v(27)
Info (10041): Inferred latch for "d3_out[6]" at stage1.v(27)
Info (10041): Inferred latch for "d3_out[7]" at stage1.v(27)
Info (10041): Inferred latch for "d2_out[0]" at stage1.v(27)
Info (10041): Inferred latch for "d2_out[1]" at stage1.v(27)
Info (10041): Inferred latch for "d2_out[2]" at stage1.v(27)
Info (10041): Inferred latch for "d2_out[3]" at stage1.v(27)
Info (10041): Inferred latch for "d2_out[4]" at stage1.v(27)
Info (10041): Inferred latch for "d2_out[5]" at stage1.v(27)
Info (10041): Inferred latch for "d2_out[6]" at stage1.v(27)
Info (10041): Inferred latch for "d2_out[7]" at stage1.v(27)
Info (10041): Inferred latch for "d1_out[0]" at stage1.v(27)
Info (10041): Inferred latch for "d1_out[1]" at stage1.v(27)
Info (10041): Inferred latch for "d1_out[2]" at stage1.v(27)
Info (10041): Inferred latch for "d1_out[3]" at stage1.v(27)
Info (10041): Inferred latch for "d1_out[4]" at stage1.v(27)
Info (10041): Inferred latch for "d1_out[5]" at stage1.v(27)
Info (10041): Inferred latch for "d1_out[6]" at stage1.v(27)
Info (10041): Inferred latch for "d1_out[7]" at stage1.v(27)
Info (12128): Elaborating entity "PreTrellisNosieGen" for hierarchy "PreTrellisNosieGen:inst"
Warning (275013): Port "CLK" of type uniformRV32 and instance "inst7" is missing source signal
Warning (275013): Port "CLK" of type uniformRV32 and instance "inst6" is missing source signal
Warning (275013): Port "CLK" of type uniformRV32 and instance "inst5" is missing source signal
Warning (275013): Port "CLK" of type uniformRV32 and instance "inst4" is missing source signal
Warning (275013): Port "CLK" of type uniformRV32 and instance "inst3" is missing source signal
Warning (275013): Port "CLK" of type uniformRV32 and instance "inst2" is missing source signal
Warning (275013): Port "CLK" of type uniformRV32 and instance "inst1" is missing source signal
Warning (275013): Port "CLK" of type uniformRV32 and instance "inst" is missing source signal
Info (12128): Elaborating entity "bitEncoder" for hierarchy "PreTrellisNosieGen:inst|bitEncoder:inst17"
Warning (10230): Verilog HDL assignment warning at bitEncoder.v(21): truncated value with size 32 to match size of target (8)
Warning (10230): Verilog HDL assignment warning at bitEncoder.v(22): truncated value with size 32 to match size of target (8)
Warning (10235): Verilog HDL Always Construct warning at bitEncoder.v(25): variable "noise" is read inside the Always Construct but isn't in the Always Construct's Event Control
Info (12128): Elaborating entity "uniformRV32" for hierarchy "PreTrellisNosieGen:inst|uniformRV32:inst7"
Info (12128): Elaborating entity "uniformRV32" for hierarchy "PreTrellisNosieGen:inst|uniformRV32:inst6"
Warning (10230): Verilog HDL assignment warning at uniformRV32.v(61): truncated value with size 33 to match size of target (32)
Info (12128): Elaborating entity "uniformRV32" for hierarchy "PreTrellisNosieGen:inst|uniformRV32:inst5"
Info (12128): Elaborating entity "uniformRV32" for hierarchy "PreTrellisNosieGen:inst|uniformRV32:inst4"
Info (12128): Elaborating entity "uniformRV32" for hierarchy "PreTrellisNosieGen:inst|uniformRV32:inst3"
Info (12128): Elaborating entity "uniformRV32" for hierarchy "PreTrellisNosieGen:inst|uniformRV32:inst2"
Info (12128): Elaborating entity "uniformRV32" for hierarchy "PreTrellisNosieGen:inst|uniformRV32:inst1"
Info (12128): Elaborating entity "uniformRV32" for hierarchy "PreTrellisNosieGen:inst|uniformRV32:inst"
Info (12128): Elaborating entity "addCompareStore" for hierarchy "addCompareStore:inst1"
Warning (10036): Verilog HDL or VHDL warning at addCompareStore.v(69): object "stage_end" assigned a value but never read
Info (12128): Elaborating entity "stage2" for hierarchy "stage2:stage2"
Warning (10240): Verilog HDL Always Construct warning at stage2.v(36): inferring latch(es) for variable "d1_out", which holds its previous value in one or more paths through the always construct
Warning (10240): Verilog HDL Always Construct warning at stage2.v(36): inferring latch(es) for variable "d4_out", which holds its previous value in one or more paths through the always construct
Warning (10240): Verilog HDL Always Construct warning at stage2.v(36): inferring latch(es) for variable "d2_out", which holds its previous value in one or more paths through the always construct
Warning (10240): Verilog HDL Always Construct warning at stage2.v(36): inferring latch(es) for variable "d3_out", which holds its previous value in one or more paths through the always construct
Warning (10240): Verilog HDL Always Construct warning at stage2.v(36): inferring latch(es) for variable "d6_out", which holds its previous value in one or more paths through the always construct
Warning (10240): Verilog HDL Always Construct warning at stage2.v(36): inferring latch(es) for variable "d7_out", which holds its previous value in one or more paths through the always construct
Warning (10240): Verilog HDL Always Construct warning at stage2.v(36): inferring latch(es) for variable "d5_out", which holds its previous value in one or more paths through the always construct
Warning (10240): Verilog HDL Always Construct warning at stage2.v(36): inferring latch(es) for variable "d8_out", which holds its previous value in one or more paths through the always construct
Info (10041): Inferred latch for "d8_out[0]" at stage2.v(36)
Info (10041): Inferred latch for "d8_out[1]" at stage2.v(36)
Info (10041): Inferred latch for "d8_out[2]" at stage2.v(36)
Info (10041): Inferred latch for "d8_out[3]" at stage2.v(36)
Info (10041): Inferred latch for "d8_out[4]" at stage2.v(36)
Info (10041): Inferred latch for "d8_out[5]" at stage2.v(36)
Info (10041): Inferred latch for "d8_out[6]" at stage2.v(36)
Info (10041): Inferred latch for "d8_out[7]" at stage2.v(36)
Info (10041): Inferred latch for "d5_out[0]" at stage2.v(36)
Info (10041): Inferred latch for "d5_out[1]" at stage2.v(36)
Info (10041): Inferred latch for "d5_out[2]" at stage2.v(36)
Info (10041): Inferred latch for "d5_out[3]" at stage2.v(36)
Info (10041): Inferred latch for "d5_out[4]" at stage2.v(36)
Info (10041): Inferred latch for "d5_out[5]" at stage2.v(36)
Info (10041): Inferred latch for "d5_out[6]" at stage2.v(36)
Info (10041): Inferred latch for "d5_out[7]" at stage2.v(36)
Info (10041): Inferred latch for "d7_out[0]" at stage2.v(36)
Info (10041): Inferred latch for "d7_out[1]" at stage2.v(36)
Info (10041): Inferred latch for "d7_out[2]" at stage2.v(36)
Info (10041): Inferred latch for "d7_out[3]" at stage2.v(36)
Info (10041): Inferred latch for "d7_out[4]" at stage2.v(36)
Info (10041): Inferred latch for "d7_out[5]" at stage2.v(36)
Info (10041): Inferred latch for "d7_out[6]" at stage2.v(36)
Info (10041): Inferred latch for "d7_out[7]" at stage2.v(36)
Info (10041): Inferred latch for "d6_out[0]" at stage2.v(36)
Info (10041): Inferred latch for "d6_out[1]" at stage2.v(36)
Info (10041): Inferred latch for "d6_out[2]" at stage2.v(36)
Info (10041): Inferred latch for "d6_out[3]" at stage2.v(36)
Info (10041): Inferred latch for "d6_out[4]" at stage2.v(36)
Info (10041): Inferred latch for "d6_out[5]" at stage2.v(36)
Info (10041): Inferred latch for "d6_out[6]" at stage2.v(36)
Info (10041): Inferred latch for "d6_out[7]" at stage2.v(36)
Info (10041): Inferred latch for "d3_out[0]" at stage2.v(36)
Info (10041): Inferred latch for "d3_out[1]" at stage2.v(36)
Info (10041): Inferred latch for "d3_out[2]" at stage2.v(36)
Info (10041): Inferred latch for "d3_out[3]" at stage2.v(36)
Info (10041): Inferred latch for "d3_out[4]" at stage2.v(36)
Info (10041): Inferred latch for "d3_out[5]" at stage2.v(36)
Info (10041): Inferred latch for "d3_out[6]" at stage2.v(36)
Info (10041): Inferred latch for "d3_out[7]" at stage2.v(36)
Info (10041): Inferred latch for "d2_out[0]" at stage2.v(36)
Info (10041): Inferred latch for "d2_out[1]" at stage2.v(36)
Info (10041): Inferred latch for "d2_out[2]" at stage2.v(36)
Info (10041): Inferred latch for "d2_out[3]" at stage2.v(36)
Info (10041): Inferred latch for "d2_out[4]" at stage2.v(36)
Info (10041): Inferred latch for "d2_out[5]" at stage2.v(36)
Info (10041): Inferred latch for "d2_out[6]" at stage2.v(36)
Info (10041): Inferred latch for "d2_out[7]" at stage2.v(36)
Info (10041): Inferred latch for "d4_out[0]" at stage2.v(36)
Info (10041): Inferred latch for "d4_out[1]" at stage2.v(36)
Info (10041): Inferred latch for "d4_out[2]" at stage2.v(36)
Info (10041): Inferred latch for "d4_out[3]" at stage2.v(36)
Info (10041): Inferred latch for "d4_out[4]" at stage2.v(36)
Info (10041): Inferred latch for "d4_out[5]" at stage2.v(36)
Info (10041): Inferred latch for "d4_out[6]" at stage2.v(36)
Info (10041): Inferred latch for "d4_out[7]" at stage2.v(36)
Info (10041): Inferred latch for "d1_out[0]" at stage2.v(36)
Info (10041): Inferred latch for "d1_out[1]" at stage2.v(36)
Info (10041): Inferred latch for "d1_out[2]" at stage2.v(36)
Info (10041): Inferred latch for "d1_out[3]" at stage2.v(36)
Info (10041): Inferred latch for "d1_out[4]" at stage2.v(36)
Info (10041): Inferred latch for "d1_out[5]" at stage2.v(36)
Info (10041): Inferred latch for "d1_out[6]" at stage2.v(36)
Info (10041): Inferred latch for "d1_out[7]" at stage2.v(36)
Warning (14026): LATCH primitive "stage1:stage1|d4_out[6]" is permanently enabled
Warning (14026): LATCH primitive "stage1:stage1|d4_out[7]" is permanently enabled
Warning (13024): Output pins are stuck at VCC or GND
    Warning (13410): Pin "m_hat[5]" is stuck at GND
    Warning (13410): Pin "m_hat[4]" is stuck at GND
    Warning (13410): Pin "m_hat[3]" is stuck at GND
    Warning (13410): Pin "m_hat[2]" is stuck at GND
    Warning (13410): Pin "m_hat[1]" is stuck at GND
    Warning (13410): Pin "m_hat[0]" is stuck at GND
Info (144001): Generated suppressed messages file C:/Viterbi_Implementation/Lab3/output_files/Viterbi_decoder.map.smsg
Info (16010): Generating hard_block partition "hard_block:auto_generated_inst"
    Info (16011): Adding 0 node(s), including 0 DDIO, 0 PLL, 0 transceiver and 0 LCELL
Warning (21074): Design contains 6 input pin(s) that do not drive logic
    Warning (15610): No output dependent on input pin "msg[7]"
    Warning (15610): No output dependent on input pin "msg[6]"
    Warning (15610): No output dependent on input pin "msg[5]"
    Warning (15610): No output dependent on input pin "msg[4]"
    Warning (15610): No output dependent on input pin "msg[3]"
    Warning (15610): No output dependent on input pin "msg[2]"
Info (21057): Implemented 18 device resources after synthesis - the final resource count might be different
    Info (21058): Implemented 8 input pins
    Info (21059): Implemented 8 output pins
    Info (21061): Implemented 2 logic cells
Info: Quartus II 64-Bit Analysis & Synthesis was successful. 0 errors, 41 warnings
    Info: Peak virtual memory: 510 megabytes
    Info: Processing ended: Thu Apr 12 20:40:14 2018
    Info: Elapsed time: 00:00:03
    Info: Total CPU time (on all processors): 00:00:01


+------------------------------------------+
; Analysis & Synthesis Suppressed Messages ;
+------------------------------------------+
The suppressed messages can be found in C:/Viterbi_Implementation/Lab3/output_files/Viterbi_decoder.map.smsg.


